<?xml version="1.0" encoding="UTF-8"?>
<!-- Generated by org.testng.reporters.JUnitReportReporter -->
<testsuite hostname="DESKTOP-6DK9BR1" failures="0" tests="1" name="cucumber.TestNGTestRunner" time="7.165" errors="0" timestamp="2025-01-02T19:34:11 IST" skipped="0">
  <testcase classname="cucumber.TestNGTestRunner" name="runScenario" time="7.165"/>
</testsuite> <!-- cucumber.TestNGTestRunner -->
